0 info it worked if it ends with ok
1 verbose cli [
1 verbose cli   '/usr/local/bin/node',
1 verbose cli   '/usr/local/bin/npm',
1 verbose cli   'install',
1 verbose cli   '-g',
1 verbose cli   'eslint',
1 verbose cli   'eslint-config-airbnb-base',
1 verbose cli   'eslint-plugin-import'
1 verbose cli ]
2 info using npm@6.12.0
3 info using node@v12.13.0
4 verbose npm-session f8280a7d10158fdf
5 silly install loadCurrentTree
6 silly install readGlobalPackageData
7 http fetch GET 200 https://registry.npmjs.org/eslint 178ms
8 http fetch GET 200 https://registry.npmjs.org/eslint-plugin-import 193ms
9 http fetch GET 200 https://registry.npmjs.org/eslint-config-airbnb-base 199ms
10 silly pacote tag manifest for eslint-plugin-import@latest fetched in 206ms
11 silly pacote tag manifest for eslint-config-airbnb-base@latest fetched in 208ms
12 silly pacote tag manifest for eslint@latest fetched in 217ms
13 timing stage:loadCurrentTree Completed in 631ms
14 silly install loadIdealTree
15 silly install cloneCurrentTreeToIdealTree
16 timing stage:loadIdealTree:cloneCurrentTree Completed in 2ms
17 silly install loadShrinkwrap
18 timing stage:loadIdealTree:loadShrinkwrap Completed in 104ms
19 silly install loadAllDepsIntoIdealTree
20 silly resolveWithNewModule eslint-plugin-import@2.18.2 checking installable status
21 silly removeObsoleteDep removing eslint-plugin-import@2.18.2 from the tree as its been replaced by a newer version or is no longer required
22 silly removeObsoleteDep removing array-includes@3.0.3 from the tree as its been replaced by a newer version or is no longer required
23 silly removeObsoleteDep removing contains-path@0.1.0 from the tree as its been replaced by a newer version or is no longer required
24 silly removeObsoleteDep removing doctrine@1.5.0 from the tree as its been replaced by a newer version or is no longer required
25 silly removeObsoleteDep removing esutils@2.0.3 from the tree as its been replaced by a newer version or is no longer required
26 silly removeObsoleteDep removing isarray@1.0.0 from the tree as its been replaced by a newer version or is no longer required
27 silly removeObsoleteDep removing eslint-import-resolver-node@0.3.2 from the tree as its been replaced by a newer version or is no longer required
28 silly removeObsoleteDep removing eslint-module-utils@2.4.1 from the tree as its been replaced by a newer version or is no longer required
29 silly removeObsoleteDep removing debug@2.6.9 from the tree as its been replaced by a newer version or is no longer required
30 silly removeObsoleteDep removing ms@2.0.0 from the tree as its been replaced by a newer version or is no longer required
31 silly removeObsoleteDep removing pkg-dir@2.0.0 from the tree as its been replaced by a newer version or is no longer required
32 silly removeObsoleteDep removing minimatch@3.0.4 from the tree as its been replaced by a newer version or is no longer required
33 silly removeObsoleteDep removing brace-expansion@1.1.11 from the tree as its been replaced by a newer version or is no longer required
34 silly removeObsoleteDep removing balanced-match@1.0.0 from the tree as its been replaced by a newer version or is no longer required
35 silly removeObsoleteDep removing concat-map@0.0.1 from the tree as its been replaced by a newer version or is no longer required
36 silly removeObsoleteDep removing object.values@1.1.0 from the tree as its been replaced by a newer version or is no longer required
37 silly removeObsoleteDep removing define-properties@1.1.3 from the tree as its been replaced by a newer version or is no longer required
38 silly removeObsoleteDep removing object-keys@1.1.1 from the tree as its been replaced by a newer version or is no longer required
39 silly removeObsoleteDep removing es-abstract@1.16.0 from the tree as its been replaced by a newer version or is no longer required
40 silly removeObsoleteDep removing es-to-primitive@1.2.1 from the tree as its been replaced by a newer version or is no longer required
41 silly removeObsoleteDep removing is-callable@1.1.4 from the tree as its been replaced by a newer version or is no longer required
42 silly removeObsoleteDep removing is-date-object@1.0.1 from the tree as its been replaced by a newer version or is no longer required
43 silly removeObsoleteDep removing is-symbol@1.0.2 from the tree as its been replaced by a newer version or is no longer required
44 silly removeObsoleteDep removing has-symbols@1.0.1 from the tree as its been replaced by a newer version or is no longer required
45 silly removeObsoleteDep removing function-bind@1.1.1 from the tree as its been replaced by a newer version or is no longer required
46 silly removeObsoleteDep removing has@1.0.3 from the tree as its been replaced by a newer version or is no longer required
47 silly removeObsoleteDep removing is-regex@1.0.4 from the tree as its been replaced by a newer version or is no longer required
48 silly removeObsoleteDep removing object-inspect@1.7.0 from the tree as its been replaced by a newer version or is no longer required
49 silly removeObsoleteDep removing string.prototype.trimleft@2.1.0 from the tree as its been replaced by a newer version or is no longer required
50 silly removeObsoleteDep removing string.prototype.trimright@2.1.0 from the tree as its been replaced by a newer version or is no longer required
51 silly removeObsoleteDep removing read-pkg-up@2.0.0 from the tree as its been replaced by a newer version or is no longer required
52 silly removeObsoleteDep removing find-up@2.1.0 from the tree as its been replaced by a newer version or is no longer required
53 silly removeObsoleteDep removing locate-path@2.0.0 from the tree as its been replaced by a newer version or is no longer required
54 silly removeObsoleteDep removing p-locate@2.0.0 from the tree as its been replaced by a newer version or is no longer required
55 silly removeObsoleteDep removing p-limit@1.3.0 from the tree as its been replaced by a newer version or is no longer required
56 silly removeObsoleteDep removing p-try@1.0.0 from the tree as its been replaced by a newer version or is no longer required
57 silly removeObsoleteDep removing path-exists@3.0.0 from the tree as its been replaced by a newer version or is no longer required
58 silly removeObsoleteDep removing read-pkg@2.0.0 from the tree as its been replaced by a newer version or is no longer required
59 silly removeObsoleteDep removing load-json-file@2.0.0 from the tree as its been replaced by a newer version or is no longer required
60 silly removeObsoleteDep removing graceful-fs@4.2.3 from the tree as its been replaced by a newer version or is no longer required
61 silly removeObsoleteDep removing parse-json@2.2.0 from the tree as its been replaced by a newer version or is no longer required
62 silly removeObsoleteDep removing error-ex@1.3.2 from the tree as its been replaced by a newer version or is no longer required
63 silly removeObsoleteDep removing is-arrayish@0.2.1 from the tree as its been replaced by a newer version or is no longer required
64 silly removeObsoleteDep removing pify@2.3.0 from the tree as its been replaced by a newer version or is no longer required
65 silly removeObsoleteDep removing strip-bom@3.0.0 from the tree as its been replaced by a newer version or is no longer required
66 silly removeObsoleteDep removing normalize-package-data@2.5.0 from the tree as its been replaced by a newer version or is no longer required
67 silly removeObsoleteDep removing hosted-git-info@2.8.5 from the tree as its been replaced by a newer version or is no longer required
68 silly removeObsoleteDep removing semver@5.7.1 from the tree as its been replaced by a newer version or is no longer required
69 silly removeObsoleteDep removing validate-npm-package-license@3.0.4 from the tree as its been replaced by a newer version or is no longer required
70 silly removeObsoleteDep removing spdx-correct@3.1.0 from the tree as its been replaced by a newer version or is no longer required
71 silly removeObsoleteDep removing spdx-expression-parse@3.0.0 from the tree as its been replaced by a newer version or is no longer required
72 silly removeObsoleteDep removing spdx-exceptions@2.2.0 from the tree as its been replaced by a newer version or is no longer required
73 silly removeObsoleteDep removing spdx-license-ids@3.0.5 from the tree as its been replaced by a newer version or is no longer required
74 silly removeObsoleteDep removing path-type@2.0.0 from the tree as its been replaced by a newer version or is no longer required
75 silly removeObsoleteDep removing resolve@1.12.0 from the tree as its been replaced by a newer version or is no longer required
76 silly removeObsoleteDep removing path-parse@1.0.6 from the tree as its been replaced by a newer version or is no longer required
77 silly resolveWithNewModule eslint-config-airbnb-base@14.0.0 checking installable status
78 silly removeObsoleteDep removing eslint-config-airbnb-base@14.0.0 from the tree as its been replaced by a newer version or is no longer required
79 silly removeObsoleteDep removing confusing-browser-globals@1.0.9 from the tree as its been replaced by a newer version or is no longer required
80 silly removeObsoleteDep removing object.assign@4.1.0 from the tree as its been replaced by a newer version or is no longer required
81 silly removeObsoleteDep removing object.entries@1.1.0 from the tree as its been replaced by a newer version or is no longer required
82 silly removeObsoleteDep removing define-properties@1.1.3 from the tree as its been replaced by a newer version or is no longer required
83 silly removeObsoleteDep removing object-keys@1.1.1 from the tree as its been replaced by a newer version or is no longer required
84 silly removeObsoleteDep removing es-abstract@1.16.0 from the tree as its been replaced by a newer version or is no longer required
85 silly removeObsoleteDep removing es-to-primitive@1.2.1 from the tree as its been replaced by a newer version or is no longer required
86 silly removeObsoleteDep removing is-callable@1.1.4 from the tree as its been replaced by a newer version or is no longer required
87 silly removeObsoleteDep removing is-date-object@1.0.1 from the tree as its been replaced by a newer version or is no longer required
88 silly removeObsoleteDep removing is-symbol@1.0.2 from the tree as its been replaced by a newer version or is no longer required
89 silly removeObsoleteDep removing has-symbols@1.0.1 from the tree as its been replaced by a newer version or is no longer required
90 silly removeObsoleteDep removing function-bind@1.1.1 from the tree as its been replaced by a newer version or is no longer required
91 silly removeObsoleteDep removing has@1.0.3 from the tree as its been replaced by a newer version or is no longer required
92 silly removeObsoleteDep removing is-regex@1.0.4 from the tree as its been replaced by a newer version or is no longer required
93 silly removeObsoleteDep removing object-inspect@1.7.0 from the tree as its been replaced by a newer version or is no longer required
94 silly removeObsoleteDep removing string.prototype.trimleft@2.1.0 from the tree as its been replaced by a newer version or is no longer required
95 silly removeObsoleteDep removing string.prototype.trimright@2.1.0 from the tree as its been replaced by a newer version or is no longer required
96 silly resolveWithNewModule eslint@6.6.0 checking installable status
97 silly removeObsoleteDep removing eslint@6.6.0 from the tree as its been replaced by a newer version or is no longer required
98 silly removeObsoleteDep removing @babel/code-frame@7.5.5 from the tree as its been replaced by a newer version or is no longer required
99 silly removeObsoleteDep removing @babel/highlight@7.5.0 from the tree as its been replaced by a newer version or is no longer required
100 silly removeObsoleteDep removing js-tokens@4.0.0 from the tree as its been replaced by a newer version or is no longer required
101 silly removeObsoleteDep removing cross-spawn@6.0.5 from the tree as its been replaced by a newer version or is no longer required
102 silly removeObsoleteDep removing nice-try@1.0.5 from the tree as its been replaced by a newer version or is no longer required
103 silly removeObsoleteDep removing path-key@2.0.1 from the tree as its been replaced by a newer version or is no longer required
104 silly removeObsoleteDep removing semver@5.7.1 from the tree as its been replaced by a newer version or is no longer required
105 silly removeObsoleteDep removing shebang-command@1.2.0 from the tree as its been replaced by a newer version or is no longer required
106 silly removeObsoleteDep removing shebang-regex@1.0.0 from the tree as its been replaced by a newer version or is no longer required
107 silly removeObsoleteDep removing which@1.3.1 from the tree as its been replaced by a newer version or is no longer required
108 silly removeObsoleteDep removing isexe@2.0.0 from the tree as its been replaced by a newer version or is no longer required
109 silly removeObsoleteDep removing debug@4.1.1 from the tree as its been replaced by a newer version or is no longer required
110 silly removeObsoleteDep removing ms@2.1.2 from the tree as its been replaced by a newer version or is no longer required
111 silly removeObsoleteDep removing doctrine@3.0.0 from the tree as its been replaced by a newer version or is no longer required
112 silly removeObsoleteDep removing eslint-scope@5.0.0 from the tree as its been replaced by a newer version or is no longer required
113 silly removeObsoleteDep removing esrecurse@4.2.1 from the tree as its been replaced by a newer version or is no longer required
114 silly removeObsoleteDep removing eslint-utils@1.4.3 from the tree as its been replaced by a newer version or is no longer required
115 silly removeObsoleteDep removing espree@6.1.2 from the tree as its been replaced by a newer version or is no longer required
116 silly removeObsoleteDep removing acorn@7.1.0 from the tree as its been replaced by a newer version or is no longer required
117 silly removeObsoleteDep removing acorn-jsx@5.1.0 from the tree as its been replaced by a newer version or is no longer required
118 silly removeObsoleteDep removing eslint-visitor-keys@1.1.0 from the tree as its been replaced by a newer version or is no longer required
119 silly removeObsoleteDep removing esquery@1.0.1 from the tree as its been replaced by a newer version or is no longer required
120 silly removeObsoleteDep removing estraverse@4.3.0 from the tree as its been replaced by a newer version or is no longer required
121 silly removeObsoleteDep removing esutils@2.0.3 from the tree as its been replaced by a newer version or is no longer required
122 silly removeObsoleteDep removing file-entry-cache@5.0.1 from the tree as its been replaced by a newer version or is no longer required
123 silly removeObsoleteDep removing flat-cache@2.0.1 from the tree as its been replaced by a newer version or is no longer required
124 silly removeObsoleteDep removing flatted@2.0.1 from the tree as its been replaced by a newer version or is no longer required
125 silly removeObsoleteDep removing rimraf@2.6.3 from the tree as its been replaced by a newer version or is no longer required
126 silly removeObsoleteDep removing glob@7.1.6 from the tree as its been replaced by a newer version or is no longer required
127 silly removeObsoleteDep removing fs.realpath@1.0.0 from the tree as its been replaced by a newer version or is no longer required
128 silly removeObsoleteDep removing inflight@1.0.6 from the tree as its been replaced by a newer version or is no longer required
129 silly removeObsoleteDep removing once@1.4.0 from the tree as its been replaced by a newer version or is no longer required
130 silly removeObsoleteDep removing wrappy@1.0.2 from the tree as its been replaced by a newer version or is no longer required
131 silly removeObsoleteDep removing inherits@2.0.4 from the tree as its been replaced by a newer version or is no longer required
132 silly removeObsoleteDep removing path-is-absolute@1.0.1 from the tree as its been replaced by a newer version or is no longer required
133 silly removeObsoleteDep removing write@1.0.3 from the tree as its been replaced by a newer version or is no longer required
134 silly removeObsoleteDep removing functional-red-black-tree@1.0.1 from the tree as its been replaced by a newer version or is no longer required
135 silly removeObsoleteDep removing glob-parent@5.1.0 from the tree as its been replaced by a newer version or is no longer required
136 silly removeObsoleteDep removing globals@11.12.0 from the tree as its been replaced by a newer version or is no longer required
137 silly removeObsoleteDep removing ignore@4.0.6 from the tree as its been replaced by a newer version or is no longer required
138 silly removeObsoleteDep removing import-fresh@3.2.1 from the tree as its been replaced by a newer version or is no longer required
139 silly removeObsoleteDep removing parent-module@1.0.1 from the tree as its been replaced by a newer version or is no longer required
140 silly removeObsoleteDep removing callsites@3.1.0 from the tree as its been replaced by a newer version or is no longer required
141 silly removeObsoleteDep removing resolve-from@4.0.0 from the tree as its been replaced by a newer version or is no longer required
142 silly removeObsoleteDep removing imurmurhash@0.1.4 from the tree as its been replaced by a newer version or is no longer required
143 silly removeObsoleteDep removing inquirer@7.0.0 from the tree as its been replaced by a newer version or is no longer required
144 silly removeObsoleteDep removing ansi-escapes@4.3.0 from the tree as its been replaced by a newer version or is no longer required
145 silly removeObsoleteDep removing type-fest@0.8.1 from the tree as its been replaced by a newer version or is no longer required
146 silly removeObsoleteDep removing chalk@2.4.2 from the tree as its been replaced by a newer version or is no longer required
147 silly removeObsoleteDep removing escape-string-regexp@1.0.5 from the tree as its been replaced by a newer version or is no longer required
148 silly removeObsoleteDep removing supports-color@5.5.0 from the tree as its been replaced by a newer version or is no longer required
149 silly removeObsoleteDep removing has-flag@3.0.0 from the tree as its been replaced by a newer version or is no longer required
150 silly removeObsoleteDep removing cli-cursor@3.1.0 from the tree as its been replaced by a newer version or is no longer required
151 silly removeObsoleteDep removing restore-cursor@3.1.0 from the tree as its been replaced by a newer version or is no longer required
152 silly removeObsoleteDep removing onetime@5.1.0 from the tree as its been replaced by a newer version or is no longer required
153 silly removeObsoleteDep removing mimic-fn@2.1.0 from the tree as its been replaced by a newer version or is no longer required
154 silly removeObsoleteDep removing signal-exit@3.0.2 from the tree as its been replaced by a newer version or is no longer required
155 silly removeObsoleteDep removing cli-width@2.2.0 from the tree as its been replaced by a newer version or is no longer required
156 silly removeObsoleteDep removing external-editor@3.1.0 from the tree as its been replaced by a newer version or is no longer required
157 silly removeObsoleteDep removing chardet@0.7.0 from the tree as its been replaced by a newer version or is no longer required
158 silly removeObsoleteDep removing iconv-lite@0.4.24 from the tree as its been replaced by a newer version or is no longer required
159 silly removeObsoleteDep removing safer-buffer@2.1.2 from the tree as its been replaced by a newer version or is no longer required
160 silly removeObsoleteDep removing tmp@0.0.33 from the tree as its been replaced by a newer version or is no longer required
161 silly removeObsoleteDep removing os-tmpdir@1.0.2 from the tree as its been replaced by a newer version or is no longer required
162 silly removeObsoleteDep removing figures@3.1.0 from the tree as its been replaced by a newer version or is no longer required
163 silly removeObsoleteDep removing mute-stream@0.0.8 from the tree as its been replaced by a newer version or is no longer required
164 silly removeObsoleteDep removing run-async@2.3.0 from the tree as its been replaced by a newer version or is no longer required
165 silly removeObsoleteDep removing is-promise@2.1.0 from the tree as its been replaced by a newer version or is no longer required
166 silly removeObsoleteDep removing rxjs@6.5.3 from the tree as its been replaced by a newer version or is no longer required
167 silly removeObsoleteDep removing tslib@1.10.0 from the tree as its been replaced by a newer version or is no longer required
168 silly removeObsoleteDep removing string-width@4.2.0 from the tree as its been replaced by a newer version or is no longer required
169 silly removeObsoleteDep removing emoji-regex@8.0.0 from the tree as its been replaced by a newer version or is no longer required
170 silly removeObsoleteDep removing is-fullwidth-code-point@3.0.0 from the tree as its been replaced by a newer version or is no longer required
171 silly removeObsoleteDep removing strip-ansi@6.0.0 from the tree as its been replaced by a newer version or is no longer required
172 silly removeObsoleteDep removing ansi-regex@5.0.0 from the tree as its been replaced by a newer version or is no longer required
173 silly removeObsoleteDep removing through@2.3.8 from the tree as its been replaced by a newer version or is no longer required
174 silly removeObsoleteDep removing is-glob@4.0.1 from the tree as its been replaced by a newer version or is no longer required
175 silly removeObsoleteDep removing is-extglob@2.1.1 from the tree as its been replaced by a newer version or is no longer required
176 silly removeObsoleteDep removing js-yaml@3.13.1 from the tree as its been replaced by a newer version or is no longer required
177 silly removeObsoleteDep removing argparse@1.0.10 from the tree as its been replaced by a newer version or is no longer required
178 silly removeObsoleteDep removing sprintf-js@1.0.3 from the tree as its been replaced by a newer version or is no longer required
179 silly removeObsoleteDep removing esprima@4.0.1 from the tree as its been replaced by a newer version or is no longer required
180 silly removeObsoleteDep removing json-stable-stringify-without-jsonify@1.0.1 from the tree as its been replaced by a newer version or is no longer required
181 silly removeObsoleteDep removing minimatch@3.0.4 from the tree as its been replaced by a newer version or is no longer required
182 silly removeObsoleteDep removing brace-expansion@1.1.11 from the tree as its been replaced by a newer version or is no longer required
183 silly removeObsoleteDep removing balanced-match@1.0.0 from the tree as its been replaced by a newer version or is no longer required
184 silly removeObsoleteDep removing concat-map@0.0.1 from the tree as its been replaced by a newer version or is no longer required
185 silly removeObsoleteDep removing mkdirp@0.5.1 from the tree as its been replaced by a newer version or is no longer required
186 silly removeObsoleteDep removing minimist@0.0.8 from the tree as its been replaced by a newer version or is no longer required
187 silly removeObsoleteDep removing natural-compare@1.4.0 from the tree as its been replaced by a newer version or is no longer required
188 silly removeObsoleteDep removing optionator@0.8.3 from the tree as its been replaced by a newer version or is no longer required
189 silly removeObsoleteDep removing deep-is@0.1.3 from the tree as its been replaced by a newer version or is no longer required
190 silly removeObsoleteDep removing fast-levenshtein@2.0.6 from the tree as its been replaced by a newer version or is no longer required
191 silly removeObsoleteDep removing levn@0.3.0 from the tree as its been replaced by a newer version or is no longer required
192 silly removeObsoleteDep removing prelude-ls@1.1.2 from the tree as its been replaced by a newer version or is no longer required
193 silly removeObsoleteDep removing type-check@0.3.2 from the tree as its been replaced by a newer version or is no longer required
194 silly removeObsoleteDep removing word-wrap@1.2.3 from the tree as its been replaced by a newer version or is no longer required
195 silly removeObsoleteDep removing progress@2.0.3 from the tree as its been replaced by a newer version or is no longer required
196 silly removeObsoleteDep removing regexpp@2.0.1 from the tree as its been replaced by a newer version or is no longer required
197 silly removeObsoleteDep removing semver@6.3.0 from the tree as its been replaced by a newer version or is no longer required
198 silly removeObsoleteDep removing strip-json-comments@3.0.1 from the tree as its been replaced by a newer version or is no longer required
199 silly removeObsoleteDep removing table@5.4.6 from the tree as its been replaced by a newer version or is no longer required
200 silly removeObsoleteDep removing ajv@6.10.2 from the tree as its been replaced by a newer version or is no longer required
201 silly removeObsoleteDep removing fast-deep-equal@2.0.1 from the tree as its been replaced by a newer version or is no longer required
202 silly removeObsoleteDep removing fast-json-stable-stringify@2.0.0 from the tree as its been replaced by a newer version or is no longer required
203 silly removeObsoleteDep removing json-schema-traverse@0.4.1 from the tree as its been replaced by a newer version or is no longer required
204 silly removeObsoleteDep removing uri-js@4.2.2 from the tree as its been replaced by a newer version or is no longer required
205 silly removeObsoleteDep removing punycode@2.1.1 from the tree as its been replaced by a newer version or is no longer required
206 silly removeObsoleteDep removing lodash@4.17.15 from the tree as its been replaced by a newer version or is no longer required
207 silly removeObsoleteDep removing slice-ansi@2.1.0 from the tree as its been replaced by a newer version or is no longer required
208 silly removeObsoleteDep removing ansi-styles@3.2.1 from the tree as its been replaced by a newer version or is no longer required
209 silly removeObsoleteDep removing color-convert@1.9.3 from the tree as its been replaced by a newer version or is no longer required
210 silly removeObsoleteDep removing color-name@1.1.3 from the tree as its been replaced by a newer version or is no longer required
211 silly removeObsoleteDep removing astral-regex@1.0.0 from the tree as its been replaced by a newer version or is no longer required
212 silly removeObsoleteDep removing is-fullwidth-code-point@2.0.0 from the tree as its been replaced by a newer version or is no longer required
213 silly removeObsoleteDep removing string-width@3.1.0 from the tree as its been replaced by a newer version or is no longer required
214 silly removeObsoleteDep removing emoji-regex@7.0.3 from the tree as its been replaced by a newer version or is no longer required
215 silly removeObsoleteDep removing is-fullwidth-code-point@2.0.0 from the tree as its been replaced by a newer version or is no longer required
216 silly removeObsoleteDep removing strip-ansi@5.2.0 from the tree as its been replaced by a newer version or is no longer required
217 silly removeObsoleteDep removing ansi-regex@4.1.0 from the tree as its been replaced by a newer version or is no longer required
218 silly removeObsoleteDep removing text-table@0.2.0 from the tree as its been replaced by a newer version or is no longer required
219 silly removeObsoleteDep removing v8-compile-cache@2.1.0 from the tree as its been replaced by a newer version or is no longer required
220 http fetch GET 200 https://registry.npmjs.org/@babel%2fcode-frame 74ms
221 http fetch GET 200 https://registry.npmjs.org/chalk 73ms
222 http fetch GET 200 https://registry.npmjs.org/ajv 102ms
223 silly pacote range manifest for @babel/code-frame@^7.0.0 fetched in 120ms
224 silly resolveWithNewModule @babel/code-frame@7.5.5 checking installable status
225 silly pacote range manifest for chalk@^2.1.0 fetched in 118ms
226 silly resolveWithNewModule chalk@2.4.2 checking installable status
227 http fetch GET 200 https://registry.npmjs.org/debug 120ms
228 silly fetchPackageMetaData error for debug@^4.0.1 Unexpected end of JSON input while parsing near '... the last version ran'
229 http fetch GET 200 https://registry.npmjs.org/cross-spawn 125ms
230 http fetch GET 200 https://registry.npmjs.org/doctrine 125ms
231 http fetch GET 200 https://registry.npmjs.org/eslint-scope 128ms
232 http fetch GET 200 https://registry.npmjs.org/eslint-visitor-keys 126ms
233 http fetch GET 200 https://registry.npmjs.org/eslint-utils 129ms
234 http fetch GET 200 https://registry.npmjs.org/espree 133ms
235 silly fetchPackageMetaData error for espree@^6.1.2 Unexpected end of JSON input while parsing near '...gistry.npmjs.org/espr'
236 silly pacote range manifest for ajv@^6.10.0 fetched in 143ms
237 silly resolveWithNewModule ajv@6.10.2 checking installable status
238 silly pacote range manifest for cross-spawn@^6.0.5 fetched in 155ms
239 silly resolveWithNewModule cross-spawn@6.0.5 checking installable status
240 silly pacote range manifest for doctrine@^3.0.0 fetched in 154ms
241 silly resolveWithNewModule doctrine@3.0.0 checking installable status
242 silly pacote range manifest for eslint-scope@^5.0.0 fetched in 153ms
243 silly resolveWithNewModule eslint-scope@5.0.0 checking installable status
244 silly pacote range manifest for eslint-visitor-keys@^1.1.0 fetched in 153ms
245 silly resolveWithNewModule eslint-visitor-keys@1.1.0 checking installable status
246 silly pacote range manifest for eslint-utils@^1.4.3 fetched in 162ms
247 silly resolveWithNewModule eslint-utils@1.4.3 checking installable status
248 http fetch GET 200 https://registry.npmjs.org/esutils 51ms
249 http fetch GET 200 https://registry.npmjs.org/esquery 52ms
250 http fetch GET 200 https://registry.npmjs.org/file-entry-cache 49ms
251 http fetch GET 200 https://registry.npmjs.org/functional-red-black-tree 53ms
252 http fetch GET 200 https://registry.npmjs.org/glob-parent 51ms
253 silly pacote range manifest for esutils@^2.0.2 fetched in 78ms
254 silly resolveWithNewModule esutils@2.0.3 checking installable status
255 silly pacote range manifest for esquery@^1.0.1 fetched in 79ms
256 silly resolveWithNewModule esquery@1.0.1 checking installable status
257 silly pacote range manifest for file-entry-cache@^5.0.1 fetched in 79ms
258 silly resolveWithNewModule file-entry-cache@5.0.1 checking installable status
259 http fetch GET 200 https://registry.npmjs.org/ignore 51ms
260 http fetch GET 200 https://registry.npmjs.org/globals 54ms
261 http fetch GET 200 https://registry.npmjs.org/imurmurhash 55ms
262 http fetch GET 200 https://registry.npmjs.org/inquirer 53ms
263 silly pacote range manifest for functional-red-black-tree@^1.0.1 fetched in 90ms
264 silly resolveWithNewModule functional-red-black-tree@1.0.1 checking installable status
265 silly pacote range manifest for glob-parent@^5.0.0 fetched in 88ms
266 silly resolveWithNewModule glob-parent@5.1.0 checking installable status
267 silly pacote range manifest for ignore@^4.0.6 fetched in 92ms
268 silly resolveWithNewModule ignore@4.0.6 checking installable status
269 silly pacote range manifest for globals@^11.7.0 fetched in 97ms
270 silly resolveWithNewModule globals@11.12.0 checking installable status
271 silly pacote range manifest for imurmurhash@^0.1.4 fetched in 98ms
272 silly resolveWithNewModule imurmurhash@0.1.4 checking installable status
273 http fetch GET 200 https://registry.npmjs.org/is-glob 61ms
274 silly pacote range manifest for inquirer@^7.0.0 fetched in 96ms
275 silly resolveWithNewModule inquirer@7.0.0 checking installable status
276 http fetch GET 200 https://registry.npmjs.org/js-yaml 79ms
277 http fetch GET 200 https://registry.npmjs.org/json-stable-stringify-without-jsonify 78ms
278 http fetch GET 200 https://registry.npmjs.org/import-fresh 127ms
279 http fetch GET 200 https://registry.npmjs.org/levn 62ms
280 http fetch GET 200 https://registry.npmjs.org/lodash 62ms
281 silly pacote range manifest for is-glob@^4.0.0 fetched in 102ms
282 silly resolveWithNewModule is-glob@4.0.1 checking installable status
283 silly pacote range manifest for js-yaml@^3.13.1 fetched in 106ms
284 silly resolveWithNewModule js-yaml@3.13.1 checking installable status
285 http fetch GET 200 https://registry.npmjs.org/optionator 42ms
286 silly pacote range manifest for json-stable-stringify-without-jsonify@^1.0.1 fetched in 102ms
287 silly resolveWithNewModule json-stable-stringify-without-jsonify@1.0.1 checking installable status
288 silly pacote range manifest for import-fresh@^3.0.0 fetched in 148ms
289 silly resolveWithNewModule import-fresh@3.2.1 checking installable status
290 http fetch GET 200 https://registry.npmjs.org/mkdirp 53ms
291 http fetch GET 200 https://registry.npmjs.org/natural-compare 54ms
292 silly pacote range manifest for levn@^0.3.0 fetched in 91ms
293 silly resolveWithNewModule levn@0.3.0 checking installable status
294 silly pacote range manifest for lodash@^4.17.14 fetched in 91ms
295 silly resolveWithNewModule lodash@4.17.15 checking installable status
296 silly pacote range manifest for natural-compare@^1.4.0 fetched in 100ms
297 silly resolveWithNewModule natural-compare@1.4.0 checking installable status
298 silly pacote range manifest for optionator@^0.8.2 fetched in 98ms
299 silly resolveWithNewModule optionator@0.8.3 checking installable status
300 http fetch GET 200 https://registry.npmjs.org/minimatch 113ms
301 http fetch GET 200 https://registry.npmjs.org/progress 73ms
302 http fetch GET 200 https://registry.npmjs.org/strip-ansi 65ms
303 http fetch GET 200 https://registry.npmjs.org/semver 70ms
304 http fetch GET 200 https://registry.npmjs.org/table 58ms
305 http fetch GET 200 https://registry.npmjs.org/regexpp 85ms
306 http fetch GET 200 https://registry.npmjs.org/strip-json-comments 67ms
307 http fetch GET 200 https://registry.npmjs.org/mkdirp/-/mkdirp-0.5.1.tgz 79ms
308 silly pacote range manifest for strip-ansi@^5.2.0 fetched in 90ms
309 silly resolveWithNewModule strip-ansi@5.2.0 checking installable status
310 silly pacote range manifest for progress@^2.0.0 fetched in 105ms
311 silly resolveWithNewModule progress@2.0.3 checking installable status
312 http fetch GET 200 https://registry.npmjs.org/v8-compile-cache 49ms
313 silly pacote range manifest for semver@^6.1.2 fetched in 104ms
314 silly resolveWithNewModule semver@6.3.0 checking installable status
315 silly pacote range manifest for table@^5.2.3 fetched in 90ms
316 silly resolveWithNewModule table@5.4.6 checking installable status
317 silly pacote range manifest for regexpp@^2.0.1 fetched in 112ms
318 silly resolveWithNewModule regexpp@2.0.1 checking installable status
319 silly pacote range manifest for strip-json-comments@^3.0.1 fetched in 93ms
320 silly resolveWithNewModule strip-json-comments@3.0.1 checking installable status
321 http fetch GET 200 https://registry.npmjs.org/minimatch/-/minimatch-3.0.4.tgz 48ms
322 silly pacote range manifest for mkdirp@^0.5.1 fetched in 159ms
323 silly resolveWithNewModule mkdirp@0.5.1 checking installable status
324 silly pacote range manifest for v8-compile-cache@^2.0.3 fetched in 58ms
325 silly resolveWithNewModule v8-compile-cache@2.1.0 checking installable status
326 silly pacote range manifest for minimatch@^3.0.4 fetched in 168ms
327 silly resolveWithNewModule minimatch@3.0.4 checking installable status
328 http fetch GET 200 https://registry.npmjs.org/text-table 698ms
329 silly pacote range manifest for text-table@^0.2.0 fetched in 701ms
330 silly resolveWithNewModule text-table@0.2.0 checking installable status
331 timing stage:rollbackFailedOptional Completed in 0ms
332 timing stage:runTopLevelLifecycles Completed in 1828ms
333 verbose stack SyntaxError: Unexpected end of JSON input while parsing near '... the last version ran'
333 verbose stack     at JSON.parse (<anonymous>)
333 verbose stack     at parseJson (/usr/local/lib/node_modules/npm/node_modules/json-parse-better-errors/index.js:7:17)
333 verbose stack     at /usr/local/lib/node_modules/npm/node_modules/node-fetch-npm/src/body.js:96:50
333 verbose stack     at processTicksAndRejections (internal/process/task_queues.js:93:5)
334 verbose cwd /home/ubuntu
335 verbose Linux 4.15.0-45-generic
336 verbose argv "/usr/local/bin/node" "/usr/local/bin/npm" "install" "-g" "eslint" "eslint-config-airbnb-base" "eslint-plugin-import"
337 verbose node v12.13.0
338 verbose npm  v6.12.0
339 error Unexpected end of JSON input while parsing near '... the last version ran'
340 verbose exit [ 1, true ]
